2024-11-03 19:08:25,552 - INFO - Starting scraper...
2024-11-03 19:08:25,553 - INFO - Initializing scraper...
2024-11-03 19:08:25,890 - INFO - Scraping: https://developer.apple.com/documentation/visionos/adding-3d-content-to-your-app
2024-11-03 19:08:28,309 - INFO - Found 31 new URLs
2024-11-03 19:08:28,310 - INFO - Scraping: https://developer.apple.com/documentation/visionos/creating-your-first-visionos-app
2024-11-03 19:08:30,015 - INFO - Found 26 new URLs
2024-11-03 19:08:30,015 - INFO - Scraping: https://developer.apple.com/documentation/visionos/creating-fully-immersive-experiences
2024-11-03 19:08:31,489 - INFO - Found 24 new URLs
2024-11-03 19:08:31,489 - INFO - Cleaning up...
2024-11-03 19:08:31,517 - INFO - Scraper finished
2024-11-03 19:18:10,503 - INFO - Starting scraper...
2024-11-03 19:18:10,503 - INFO - Initializing scraper...
2024-11-03 19:18:11,113 - INFO - Scraping: https://developer.apple.com/documentation/visionos/adding-3d-content-to-your-app
2024-11-03 19:19:13,481 - ERROR - Error scraping https://developer.apple.com/documentation/visionos/adding-3d-content-to-your-app (attempt 1/3): Timeout 60000ms exceeded.
2024-11-03 19:20:15,845 - ERROR - Error scraping https://developer.apple.com/documentation/visionos/adding-3d-content-to-your-app (attempt 2/3): Timeout 60000ms exceeded.
2024-11-03 19:21:19,339 - ERROR - Error scraping https://developer.apple.com/documentation/visionos/adding-3d-content-to-your-app (attempt 3/3): Timeout 60000ms exceeded.
2024-11-03 19:21:19,339 - INFO - Scraping: https://developer.apple.com/documentation/visionos/creating-your-first-visionos-app
2024-11-03 19:22:21,061 - ERROR - Error scraping https://developer.apple.com/documentation/visionos/creating-your-first-visionos-app (attempt 1/3): Timeout 60000ms exceeded.
2024-11-03 19:23:52,949 - ERROR - Error scraping https://developer.apple.com/documentation/visionos/creating-your-first-visionos-app (attempt 2/3): Timeout 60000ms exceeded.
2024-11-03 19:23:57,856 - INFO - Cleaning up...
2024-11-03 19:23:57,895 - ERROR - Error during cleanup: Protocol error (Target.disposeBrowserContext): Failed to find context with id 062E75EB370136F541CF99B92B5DA069
2024-11-03 19:23:57,905 - ERROR - Future exception was never retrieved
future: <Future finished exception=TargetClosedError('Target page, context or browser has been closed')>
playwright._impl._errors.TargetClosedError: Target page, context or browser has been closed
